{
  "packages": [
    {
      "package": "_fe_analyzer_shared",
      "kind": "transitive",
      "isDiscontinued": false,
      "current": {
        "version": "52.0.0"
      },
      "upgradable": {
        "version": "64.0.0"
      },
      "resolvable": {
        "version": "64.0.0"
      },
      "latest": {
        "version": "65.0.0"
      }
    },
    {
      "package": "analyzer",
      "kind": "transitive",
      "isDiscontinued": false,
      "current": {
        "version": "5.4.0"
      },
      "upgradable": {
        "version": "6.2.0"
      },
      "resolvable": {
        "version": "6.2.0"
      },
      "latest": {
        "version": "6.3.0"
      }
    },
    {
      "package": "args",
      "kind": "transitive",
      "isDiscontinued": false,
      "current": {
        "version": "2.4.0"
      },
      "upgradable": {
        "version": "2.4.2"
      },
      "resolvable": {
        "version": "2.4.2"
      },
      "latest": {
        "version": "2.4.2"
      }
    },
    {
      "package": "async",
      "kind": "transitive",
      "isDiscontinued": false,
      "current": {
        "version": "2.10.0"
      },
      "upgradable": {
        "version": "2.11.0"
      },
      "resolvable": {
        "version": "2.11.0"
      },
      "latest": {
        "version": "2.11.0"
      }
    },
    {
      "package": "coverage",
      "kind": "transitive",
      "isDiscontinued": false,
      "current": {
        "version": "1.6.3"
      },
      "upgradable": {
        "version": "1.7.1"
      },
      "resolvable": {
        "version": "1.7.1"
      },
      "latest": {
        "version": "1.7.1"
      }
    },
    {
      "package": "crypto",
      "kind": "transitive",
      "isDiscontinued": false,
      "current": {
        "version": "3.0.2"
      },
      "upgradable": {
        "version": "3.0.3"
      },
      "resolvable": {
        "version": "3.0.3"
      },
      "latest": {
        "version": "3.0.3"
      }
    },
    {
      "package": "file",
      "kind": "transitive",
      "isDiscontinued": false,
      "current": {
        "version": "6.1.4"
      },
      "upgradable": {
        "version": "7.0.0"
      },
      "resolvable": {
        "version": "7.0.0"
      },
      "latest": {
        "version": "7.0.0"
      }
    },
    {
      "package": "flueco_core",
      "kind": "direct",
      "isDiscontinued": false,
      "current": {
        "version": "1.0.0",
        "overridden": true
      },
      "upgradable": {
        "version": "1.0.0",
        "overridden": true
      },
      "resolvable": {
        "version": "1.0.0",
        "overridden": true
      },
      "latest": {
        "version": "1.0.0"
      }
    },
    {
      "package": "glob",
      "kind": "transitive",
      "isDiscontinued": false,
      "current": {
        "version": "2.1.1"
      },
      "upgradable": {
        "version": "2.1.2"
      },
      "resolvable": {
        "version": "2.1.2"
      },
      "latest": {
        "version": "2.1.2"
      }
    },
    {
      "package": "js",
      "kind": "transitive",
      "isDiscontinued": false,
      "current": {
        "version": "0.6.5"
      },
      "upgradable": {
        "version": "0.6.7"
      },
      "resolvable": {
        "version": "0.6.7"
      },
      "latest": {
        "version": "0.6.7"
      }
    },
    {
      "package": "lints",
      "kind": "dev",
      "isDiscontinued": false,
      "current": {
        "version": "2.0.1"
      },
      "upgradable": {
        "version": "2.1.1"
      },
      "resolvable": {
        "version": "3.0.0"
      },
      "latest": {
        "version": "3.0.0"
      }
    },
    {
      "package": "logging",
      "kind": "transitive",
      "isDiscontinued": false,
      "current": {
        "version": "1.1.1"
      },
      "upgradable": {
        "version": "1.2.0"
      },
      "resolvable": {
        "version": "1.2.0"
      },
      "latest": {
        "version": "1.2.0"
      }
    },
    {
      "package": "matcher",
      "kind": "transitive",
      "isDiscontinued": false,
      "current": {
        "version": "0.12.14"
      },
      "upgradable": {
        "version": "0.12.16"
      },
      "resolvable": {
        "version": "0.12.16"
      },
      "latest": {
        "version": "0.12.16"
      }
    },
    {
      "package": "material_color_utilities",
      "kind": "transitive",
      "isDiscontinued": false,
      "current": {
        "version": "0.5.0"
      },
      "upgradable": {
        "version": "0.5.0"
      },
      "resolvable": {
        "version": "0.5.0"
      },
      "latest": {
        "version": "0.8.0"
      }
    },
    {
      "package": "meta",
      "kind": "transitive",
      "isDiscontinued": false,
      "current": {
        "version": "1.10.0"
      },
      "upgradable": {
        "version": "1.10.0"
      },
      "resolvable": {
        "version": "1.10.0"
      },
      "latest": {
        "version": "1.11.0"
      }
    },
    {
      "package": "node_preamble",
      "kind": "transitive",
      "isDiscontinued": false,
      "current": {
        "version": "2.0.1"
      },
      "upgradable": {
        "version": "2.0.2"
      },
      "resolvable": {
        "version": "2.0.2"
      },
      "latest": {
        "version": "2.0.2"
      }
    },
    {
      "package": "path",
      "kind": "transitive",
      "isDiscontinued": false,
      "current": {
        "version": "1.8.3"
      },
      "upgradable": {
        "version": "1.9.0"
      },
      "resolvable": {
        "version": "1.9.0"
      },
      "latest": {
        "version": "1.9.0"
      }
    },
    {
      "package": "pub_semver",
      "kind": "transitive",
      "isDiscontinued": false,
      "current": {
        "version": "2.1.3"
      },
      "upgradable": {
        "version": "2.1.4"
      },
      "resolvable": {
        "version": "2.1.4"
      },
      "latest": {
        "version": "2.1.4"
      }
    },
    {
      "package": "shelf",
      "kind": "transitive",
      "isDiscontinued": false,
      "current": {
        "version": "1.4.0"
      },
      "upgradable": {
        "version": "1.4.1"
      },
      "resolvable": {
        "version": "1.4.1"
      },
      "latest": {
        "version": "1.4.1"
      }
    },
    {
      "package": "shelf_packages_handler",
      "kind": "transitive",
      "isDiscontinued": false,
      "current": {
        "version": "3.0.1"
      },
      "upgradable": {
        "version": "3.0.2"
      },
      "resolvable": {
        "version": "3.0.2"
      },
      "latest": {
        "version": "3.0.2"
      }
    },
    {
      "package": "shelf_static",
      "kind": "transitive",
      "isDiscontinued": false,
      "current": {
        "version": "1.1.1"
      },
      "upgradable": {
        "version": "1.1.2"
      },
      "resolvable": {
        "version": "1.1.2"
      },
      "latest": {
        "version": "1.1.2"
      }
    },
    {
      "package": "shelf_web_socket",
      "kind": "transitive",
      "isDiscontinued": false,
      "current": {
        "version": "1.0.3"
      },
      "upgradable": {
        "version": "1.0.4"
      },
      "resolvable": {
        "version": "1.0.4"
      },
      "latest": {
        "version": "1.0.4"
      }
    },
    {
      "package": "source_maps",
      "kind": "transitive",
      "isDiscontinued": false,
      "current": {
        "version": "0.10.11"
      },
      "upgradable": {
        "version": "0.10.12"
      },
      "resolvable": {
        "version": "0.10.12"
      },
      "latest": {
        "version": "0.10.12"
      }
    },
    {
      "package": "source_span",
      "kind": "transitive",
      "isDiscontinued": false,
      "current": {
        "version": "1.9.1"
      },
      "upgradable": {
        "version": "1.10.0"
      },
      "resolvable": {
        "version": "1.10.0"
      },
      "latest": {
        "version": "1.10.0"
      }
    },
    {
      "package": "stack_trace",
      "kind": "transitive",
      "isDiscontinued": false,
      "current": {
        "version": "1.11.0"
      },
      "upgradable": {
        "version": "1.11.1"
      },
      "resolvable": {
        "version": "1.11.1"
      },
      "latest": {
        "version": "1.11.1"
      }
    },
    {
      "package": "stream_channel",
      "kind": "transitive",
      "isDiscontinued": false,
      "current": {
        "version": "2.1.1"
      },
      "upgradable": {
        "version": "2.1.2"
      },
      "resolvable": {
        "version": "2.1.2"
      },
      "latest": {
        "version": "2.1.2"
      }
    },
    {
      "package": "test",
      "kind": "dev",
      "isDiscontinued": false,
      "current": {
        "version": "1.23.1"
      },
      "upgradable": {
        "version": "1.24.9"
      },
      "resolvable": {
        "version": "1.24.9"
      },
      "latest": {
        "version": "1.24.9"
      }
    },
    {
      "package": "test_api",
      "kind": "transitive",
      "isDiscontinued": false,
      "current": {
        "version": "0.4.18"
      },
      "upgradable": {
        "version": "0.6.1"
      },
      "resolvable": {
        "version": "0.6.1"
      },
      "latest": {
        "version": "0.6.1"
      }
    },
    {
      "package": "test_core",
      "kind": "transitive",
      "isDiscontinued": false,
      "current": {
        "version": "0.4.24"
      },
      "upgradable": {
        "version": "0.5.9"
      },
      "resolvable": {
        "version": "0.5.9"
      },
      "latest": {
        "version": "0.5.9"
      }
    },
    {
      "package": "typed_data",
      "kind": "transitive",
      "isDiscontinued": false,
      "current": {
        "version": "1.3.1"
      },
      "upgradable": {
        "version": "1.3.2"
      },
      "resolvable": {
        "version": "1.3.2"
      },
      "latest": {
        "version": "1.3.2"
      }
    },
    {
      "package": "vm_service",
      "kind": "transitive",
      "isDiscontinued": false,
      "current": {
        "version": "11.0.1"
      },
      "upgradable": {
        "version": "13.0.0"
      },
      "resolvable": {
        "version": "13.0.0"
      },
      "latest": {
        "version": "13.0.0"
      }
    },
    {
      "package": "watcher",
      "kind": "transitive",
      "isDiscontinued": false,
      "current": {
        "version": "1.0.2"
      },
      "upgradable": {
        "version": "1.1.0"
      },
      "resolvable": {
        "version": "1.1.0"
      },
      "latest": {
        "version": "1.1.0"
      }
    },
    {
      "package": "web",
      "kind": "transitive",
      "isDiscontinued": false,
      "current": {
        "version": "0.3.0"
      },
      "upgradable": {
        "version": "0.3.0"
      },
      "resolvable": {
        "version": "0.3.0"
      },
      "latest": {
        "version": "0.4.0"
      }
    },
    {
      "package": "web_socket_channel",
      "kind": "transitive",
      "isDiscontinued": false,
      "current": {
        "version": "2.3.0"
      },
      "upgradable": {
        "version": "2.4.0"
      },
      "resolvable": {
        "version": "2.4.0"
      },
      "latest": {
        "version": "2.4.0"
      }
    },
    {
      "package": "webkit_inspection_protocol",
      "kind": "transitive",
      "isDiscontinued": false,
      "current": {
        "version": "1.2.0"
      },
      "upgradable": {
        "version": "1.2.1"
      },
      "resolvable": {
        "version": "1.2.1"
      },
      "latest": {
        "version": "1.2.1"
      }
    },
    {
      "package": "yaml",
      "kind": "transitive",
      "isDiscontinued": false,
      "current": {
        "version": "3.1.1"
      },
      "upgradable": {
        "version": "3.1.2"
      },
      "resolvable": {
        "version": "3.1.2"
      },
      "latest": {
        "version": "3.1.2"
      }
    }
  ]
}
